#
# There is insufficient memory for the Java Runtime Environment to continue.
# Native memory allocation (malloc) failed to allocate 16384 bytes for AllocateHeap
# Possible reasons:
#   The system is out of physical RAM or swap space
#   In 32 bit mode, the process size limit was hit
# Possible solutions:
#   Reduce memory load on the system
#   Increase physical memory or swap space
#   Check if swap backing store is full
#   Use 64 bit Java on a 64 bit OS
#   Decrease Java heap size (-Xmx/-Xms)
#   Decrease number of Java threads
#   Decrease Java thread stack sizes (-Xss)
#   Set larger code cache with -XX:ReservedCodeCacheSize=
# This output file may be truncated or incomplete.
#
#  Out of Memory Error (memory/allocation.inline.hpp:61), pid=11356, tid=0x0000000000000f38
#
# JRE version: Java(TM) SE Runtime Environment (8.0_111-b14) (build 1.8.0_111-b14)
# Java VM: Java HotSpot(TM) 64-Bit Server VM (25.111-b14 mixed mode windows-amd64 compressed oops)
# Failed to write core dump. Minidumps are not enabled by default on client versions of Windows
#

---------------  T H R E A D  ---------------

Current thread (0x0000000002991000):  JavaThread "main" [_thread_in_vm, id=3896, stack(0x0000000002890000,0x0000000002990000)]

Stack: [0x0000000002890000,0x0000000002990000]
[error occurred during error reporting (printing stack bounds), id 0xc0000005]

Native frames: (J=compiled Java code, j=interpreted, Vv=VM code, C=native code)

Java frames: (J=compiled Java code, j=interpreted, Vv=VM code)
j  java.lang.ClassLoader.defineClass1(Ljava/lang/String;[BIILjava/security/ProtectionDomain;Ljava/lang/String;)Ljava/lang/Class;+0
j  java.lang.ClassLoader.defineClass(Ljava/lang/String;[BIILjava/security/ProtectionDomain;)Ljava/lang/Class;+27
j  java.security.SecureClassLoader.defineClass(Ljava/lang/String;[BIILjava/security/CodeSource;)Ljava/lang/Class;+12
j  java.net.URLClassLoader.defineClass(Ljava/lang/String;Lsun/misc/Resource;)Ljava/lang/Class;+138
j  java.net.URLClassLoader.access$100(Ljava/net/URLClassLoader;Ljava/lang/String;Lsun/misc/Resource;)Ljava/lang/Class;+3
j  java.net.URLClassLoader$1.run()Ljava/lang/Class;+43
j  java.net.URLClassLoader$1.run()Ljava/lang/Object;+1
v  ~StubRoutines::call_stub
j  java.security.AccessController.doPrivileged(Ljava/security/PrivilegedExceptionAction;Ljava/security/AccessControlContext;)Ljava/lang/Object;+0
j  java.net.URLClassLoader.findClass(Ljava/lang/String;)Ljava/lang/Class;+13
j  java.lang.ClassLoader.loadClass(Ljava/lang/String;Z)Ljava/lang/Class;+70
j  sun.misc.Launcher$AppClassLoader.loadClass(Ljava/lang/String;Z)Ljava/lang/Class;+81
j  java.lang.ClassLoader.loadClass(Ljava/lang/String;)Ljava/lang/Class;+3
j  sun.launcher.LauncherHelper.checkAndLoadMain(ZILjava/lang/String;)Ljava/lang/Class;+93
v  ~StubRoutines::call_stub

---------------  P R O C E S S  ---------------

Java Threads: ( => current thread )
  0x0000000014de3800 JavaThread "Service Thread" daemon [_thread_blocked, id=6176, stack(0x0000000015fb0000,0x00000000160b0000)]
  0x0000000014d7d000 JavaThread "C1 CompilerThread1" daemon [_thread_blocked, id=7940, stack(0x0000000015eb0000,0x0000000015fb0000)]
  0x0000000014d79800 JavaThread "C2 CompilerThread0" daemon [_thread_blocked, id=12556, stack(0x0000000015db0000,0x0000000015eb0000)]
  0x0000000014d78000 JavaThread "Attach Listener" daemon [_thread_blocked, id=7796, stack(0x0000000015cb0000,0x0000000015db0000)]
  0x0000000014d75000 JavaThread "Signal Dispatcher" daemon [_thread_blocked, id=10972, stack(0x0000000015bb0000,0x0000000015cb0000)]
  0x0000000002a86000 JavaThread "Finalizer" daemon [_thread_blocked, id=484, stack(0x00000000159c0000,0x0000000015ac0000)]
  0x0000000002a7c800 JavaThread "Reference Handler" daemon [_thread_blocked, id=13440, stack(0x00000000158c0000,0x00000000159c0000)]
=>0x0000000002991000 JavaThread "main" [_thread_in_vm, id=3896, stack(0x0000000002890000,0x0000000002990000)]

Other Threads:
  0x0000000014d47000 VMThread [stack: 0x00000000157c0000,0x00000000158c0000] [id=15132]
  0x0000000014df0000 WatcherThread [stack: 0x00000000160b0000,0x00000000161b0000] [id=11536]

VM state:not at safepoint (normal execution)

VM Mutex/Monitor currently owned by a thread:  ([mutex/lock_event])
[0x0000000000d0bc50] SystemDictionary_lock - owner thread: 0x0000000002991000

Heap:
 PSYoungGen      total 18432K, used 952K [0x00000000eb980000, 0x00000000ece00000, 0x0000000100000000)
  eden space 15872K, 6% used [0x00000000eb980000,0x00000000eba6e2e0,0x00000000ec900000)
  from space 2560K, 0% used [0x00000000ecb80000,0x00000000ecb80000,0x00000000ece00000)
  to   space 2560K, 0% used [0x00000000ec900000,0x00000000ec900000,0x00000000ecb80000)
 ParOldGen       total 42496K, used 0K [0x00000000c2c00000, 0x00000000c5580000, 0x00000000eb980000)
  object space 42496K, 0% used [0x00000000c2c00000,0x00000000c2c00000,0x00000000c5580000)
 Metaspace       used 2580K, capacity 4486K, committed 4864K, reserved 1058816K
  class space    used 280K, capacity 386K, committed 512K, reserved 1048576K

Card table byte_map: [0x0000000011e50000,0x0000000012040000] byte_map_base: 0x000000001183a000

Marking Bits: (ParMarkBitMap*) 0x000000006250a6c0
 Begin Bits: [0x0000000012390000, 0x00000000132e0000)
 End Bits:   [0x00000000132e0000, 0x0000000014230000)

Polling page: 0x0000000000cf0000

CodeCache: size=245760Kb used=1107Kb max_used=1114Kb free=244652Kb
 bounds [0x0000000002a90000, 0x0000000002d00000, 0x0000000011a90000]
 total_blobs=258 nmethods=28 adapters=145
 compilation: enabled

Compilation events (10 events):
Event: 0.122 Thread 0x0000000014d7d000 nmethod 23 0x0000000002ba1a50 code [0x0000000002ba1c00, 0x0000000002ba2318]
Event: 0.122 Thread 0x0000000014d7d000   24       3       java.lang.AbstractStringBuilder::append (50 bytes)
Event: 0.123 Thread 0x0000000014d7d000 nmethod 24 0x0000000002ba26d0 code [0x0000000002ba28a0, 0x0000000002ba2ff8]
Event: 0.123 Thread 0x0000000014d7d000   25       3       java.lang.String::equals (81 bytes)
Event: 0.123 Thread 0x0000000014d7d000 nmethod 25 0x0000000002ba3310 code [0x0000000002ba34a0, 0x0000000002ba39f0]
Event: 0.123 Thread 0x0000000014d79800   26       4       java.lang.String::charAt (29 bytes)
Event: 0.125 Thread 0x0000000014d79800 nmethod 26 0x0000000002ba6890 code [0x0000000002ba69e0, 0x0000000002ba6a98]
Event: 0.131 Thread 0x0000000014d7d000   27       3       java.lang.StringBuilder::append (8 bytes)
Event: 0.131 Thread 0x0000000014d7d000 nmethod 27 0x0000000002ba5d10 code [0x0000000002ba5e80, 0x0000000002ba6008]
Event: 0.131 Thread 0x0000000014d7d000   28       3       java.lang.String::indexOf (7 bytes)

GC Heap History (0 events):
No events

Deoptimization events (0 events):
No events

Internal exceptions (2 events):
Event: 0.045 Thread 0x0000000002991000 Exception <a 'java/lang/NoSuchMethodError': Method sun.misc.Unsafe.defineClass(Ljava/lang/String;[BII)Ljava/lang/Class; name or signature does not match> (0x00000000eb987c78) thrown at [C:\re\workspace\8-2-build-windows-amd64-cygwin\jdk8u111\7883\hotspot\
Event: 0.045 Thread 0x0000000002991000 Exception <a 'java/lang/NoSuchMethodError': Method sun.misc.Unsafe.prefetchRead(Ljava/lang/Object;J)V name or signature does not match> (0x00000000eb987f60) thrown at [C:\re\workspace\8-2-build-windows-amd64-cygwin\jdk8u111\7883\hotspot\src\share\vm\prims

Events (10 events):
Event: 0.129 loading class java/io/FilePermission$1
Event: 0.129 loading class java/io/FilePermission$1 done
Event: 0.130 loading class java/io/FilePermissionCollection
Event: 0.130 loading class java/io/FilePermissionCollection done
Event: 0.130 loading class java/security/AllPermission
Event: 0.131 loading class java/security/AllPermission done
Event: 0.131 loading class java/security/UnresolvedPermission
Event: 0.131 loading class java/security/UnresolvedPermission done
Event: 0.131 loading class java/security/BasicPermissionCollection
Event: 0.131 loading class java/security/BasicPermissionCollection done


Dynamic libraries:
0x00007ff62ff70000 - 0x00007ff62ffa7000 	C:\Program Files\Java\jdk1.8.0_111\bin\java.exe
0x00007ffe569d0000 - 0x00007ffe56bb1000 	C:\Windows\SYSTEM32\ntdll.dll
0x00007ffe55830000 - 0x00007ffe558e1000 	C:\Windows\System32\KERNEL32.DLL
0x00007ffe53720000 - 0x00007ffe53993000 	C:\Windows\System32\KERNELBASE.dll
0x00007ffe55bd0000 - 0x00007ffe55c71000 	C:\Windows\System32\ADVAPI32.dll
0x00007ffe55b30000 - 0x00007ffe55bce000 	C:\Windows\System32\msvcrt.dll
0x00007ffe55ad0000 - 0x00007ffe55b2b000 	C:\Windows\System32\sechost.dll
0x00007ffe56870000 - 0x00007ffe56994000 	C:\Windows\System32\RPCRT4.dll
0x00007ffe54090000 - 0x00007ffe54220000 	C:\Windows\System32\USER32.dll
0x00007ffe53da0000 - 0x00007ffe53dc0000 	C:\Windows\System32\win32u.dll
0x00007ffe566e0000 - 0x00007ffe56708000 	C:\Windows\System32\GDI32.dll
0x00007ffe52da0000 - 0x00007ffe52f32000 	C:\Windows\System32\gdi32full.dll
0x00007ffe53dc0000 - 0x00007ffe53e5f000 	C:\Windows\System32\msvcp_win.dll
0x00007ffe539a0000 - 0x00007ffe53a98000 	C:\Windows\System32\ucrtbase.dll
0x00007ffe46ad0000 - 0x00007ffe46d39000 	C:\Windows\WinSxS\amd64_microsoft.windows.common-controls_6595b64144ccf1df_6.0.17134.706_none_fb43a2cb30647007\COMCTL32.dll
0x00007ffe55c80000 - 0x00007ffe55fa2000 	C:\Windows\System32\combase.dll
0x00007ffe52f40000 - 0x00007ffe52fba000 	C:\Windows\System32\bcryptPrimitives.dll
0x00007ffe54220000 - 0x00007ffe5424d000 	C:\Windows\System32\IMM32.DLL
0x0000000061c10000 - 0x0000000061ce2000 	C:\Program Files\Java\jdk1.8.0_111\jre\bin\msvcr100.dll
0x0000000061cf0000 - 0x000000006258a000 	C:\Program Files\Java\jdk1.8.0_111\jre\bin\server\jvm.dll
0x00007ffe566d0000 - 0x00007ffe566d8000 	C:\Windows\System32\PSAPI.DLL
0x00007ffe48200000 - 0x00007ffe48209000 	C:\Windows\SYSTEM32\WSOCK32.dll
0x00007ffe4a4e0000 - 0x00007ffe4a503000 	C:\Windows\SYSTEM32\WINMM.dll
0x00007ffe55fb0000 - 0x00007ffe5601c000 	C:\Windows\System32\WS2_32.dll
0x00007ffe49e50000 - 0x00007ffe49e5a000 	C:\Windows\SYSTEM32\VERSION.dll
0x00007ffe4a4b0000 - 0x00007ffe4a4da000 	C:\Windows\SYSTEM32\WINMMBASE.dll
0x00007ffe536d0000 - 0x00007ffe53719000 	C:\Windows\System32\cfgmgr32.dll
0x0000000061bc0000 - 0x0000000061bcf000 	C:\Program Files\Java\jdk1.8.0_111\jre\bin\verify.dll
0x0000000061b90000 - 0x0000000061bb9000 	C:\Program Files\Java\jdk1.8.0_111\jre\bin\java.dll
0x0000000061b70000 - 0x0000000061b86000 	C:\Program Files\Java\jdk1.8.0_111\jre\bin\zip.dll
0x00007ffe542f0000 - 0x00007ffe55730000 	C:\Windows\System32\SHELL32.dll
0x00007ffe53e80000 - 0x00007ffe53f29000 	C:\Windows\System32\shcore.dll
0x00007ffe52fc0000 - 0x00007ffe536cd000 	C:\Windows\System32\windows.storage.dll
0x00007ffe558f0000 - 0x00007ffe55941000 	C:\Windows\System32\shlwapi.dll
0x00007ffe52d60000 - 0x00007ffe52d71000 	C:\Windows\System32\kernel.appcore.dll
0x00007ffe52d40000 - 0x00007ffe52d5f000 	C:\Windows\System32\profapi.dll
0x00007ffe52cf0000 - 0x00007ffe52d3c000 	C:\Windows\System32\powrprof.dll
0x00007ffe52ce0000 - 0x00007ffe52cea000 	C:\Windows\System32\FLTLIB.DLL

VM Arguments:
jvm_args: -Dfile.encoding=UTF-8 
java_command: fixedmulticatch.FixedMultiCatch
java_class_path (initial): C:\Users\Natalia\Documents\NetBeansProjects\FixedMultiCatch\build\classes
Launcher Type: SUN_STANDARD

Environment Variables:
PATH=C:\ProgramData\Oracle\Java\javapath;C:\Windows\system32;C:\Windows;C:\Windows\System32\Wbem;C:\Windows\System32\WindowsPowerShell\v1.0\;C:\Windows\System32\OpenSSH\;C:\Program Files (x86)\IDEMIA\AWP\Dlls;C:\Program Files\IDEMIA\AWP\Dlls;C:\Program Files\Git\cmd;C:\Program Files\nodejs\;C:\Users\Natalia\AppData\Local\Microsoft\WindowsApps;C:\Users\Natalia\AppData\Roaming\npm
USERNAME=Natalia
OS=Windows_NT
PROCESSOR_IDENTIFIER=Intel64 Family 6 Model 122 Stepping 1, GenuineIntel



---------------  S Y S T E M  ---------------

OS: Windows 10.0 , 64 bit Build 17134 (10.0.17134.706)

CPU:total 2 (2 cores per cpu, 1 threads per core) family 6 model 122 stepping 1, cmov, cx8, fxsr, mmx, sse, sse2, sse3, ssse3, sse4.1, sse4.2, popcnt, aes, clmul, erms, 3dnowpref, tsc, tscinvbit

Memory: 4k page, physical 4013248k(335728k free), swap 7692220k(3912k free)

vm_info: Java HotSpot(TM) 64-Bit Server VM (25.111-b14) for windows-amd64 JRE (1.8.0_111-b14), built on Sep 22 2016 19:24:05 by "java_re" with MS VC++ 10.0 (VS2010)

time: Mon Apr 29 13:38:42 2019
elapsed time: 0 seconds (0d 0h 0m 0s)

