#
# There is insufficient memory for the Java Runtime Environment to continue.
# Native memory allocation (malloc) failed to allocate 1048576 bytes for AllocateHeap
# Possible reasons:
#   The system is out of physical RAM or swap space
#   In 32 bit mode, the process size limit was hit
# Possible solutions:
#   Reduce memory load on the system
#   Increase physical memory or swap space
#   Check if swap backing store is full
#   Use 64 bit Java on a 64 bit OS
#   Decrease Java heap size (-Xmx/-Xms)
#   Decrease number of Java threads
#   Decrease Java thread stack sizes (-Xss)
#   Set larger code cache with -XX:ReservedCodeCacheSize=
# This output file may be truncated or incomplete.
#
#  Out of Memory Error (memory/allocation.inline.hpp:61), pid=14160, tid=0x0000000000003b0c
#
# JRE version:  (8.0_111-b14) (build )
# Java VM: Java HotSpot(TM) 64-Bit Server VM (25.111-b14 mixed mode windows-amd64 compressed oops)
# Failed to write core dump. Minidumps are not enabled by default on client versions of Windows
#

---------------  T H R E A D  ---------------

Current thread (0x0000000003001000):  JavaThread "Unknown thread" [_thread_in_vm, id=15116, stack(0x0000000002f00000,0x0000000003000000)]

Stack: [0x0000000002f00000,0x0000000003000000]
[error occurred during error reporting (printing stack bounds), id 0xc0000005]

Native frames: (J=compiled Java code, j=interpreted, Vv=VM code, C=native code)


---------------  P R O C E S S  ---------------

Java Threads: ( => current thread )

Other Threads:

=>0x0000000003001000 (exited) JavaThread "Unknown thread" [_thread_in_vm, id=15116, stack(0x0000000002f00000,0x0000000003000000)]

VM state:not at safepoint (normal execution)

VM Mutex/Monitor currently owned by a thread: None

Heap:
 PSYoungGen      total 18432K, used 317K [0x00000000eb980000, 0x00000000ece00000, 0x0000000100000000)
  eden space 15872K, 2% used [0x00000000eb980000,0x00000000eb9cf5d0,0x00000000ec900000)
  from space 2560K, 0% used [0x00000000ecb80000,0x00000000ecb80000,0x00000000ece00000)
  to   space 2560K, 0% used [0x00000000ec900000,0x00000000ec900000,0x00000000ecb80000)
 ParOldGen       total 42496K, used 0K [0x00000000c2c00000, 0x00000000c5580000, 0x00000000eb980000)
  object space 42496K, 0% used [0x00000000c2c00000,0x00000000c2c00000,0x00000000c5580000)
 Metaspace       used 770K, capacity 4480K, committed 4480K, reserved 1056768K
  class space    used 75K, capacity 384K, committed 384K, reserved 1048576K

Card table byte_map: [0x00000000124c0000,0x00000000126b0000] byte_map_base: 0x0000000011eaa000

Marking Bits: (ParMarkBitMap*) 0x000000006250a6c0
 Begin Bits: [0x0000000012a00000, 0x0000000013950000)
 End Bits:   [0x0000000013950000, 0x00000000148a0000)

Polling page: 0x0000000001630000

CodeCache: size=245760Kb used=327Kb max_used=327Kb free=245432Kb
 bounds [0x0000000003100000, 0x0000000003370000, 0x0000000012100000]
 total_blobs=57 nmethods=0 adapters=38
 compilation: enabled

Compilation events (0 events):
No events

GC Heap History (0 events):
No events

Deoptimization events (0 events):
No events

Internal exceptions (0 events):
No events

Events (10 events):
Event: 0.061 loading class java/lang/Short
Event: 0.061 loading class java/lang/Short done
Event: 0.061 loading class java/lang/Integer
Event: 0.061 loading class java/lang/Integer done
Event: 0.061 loading class java/lang/Long
Event: 0.061 loading class java/lang/Long done
Event: 0.062 loading class java/lang/NullPointerException
Event: 0.062 loading class java/lang/NullPointerException done
Event: 0.062 loading class java/lang/ArithmeticException
Event: 0.063 loading class java/lang/ArithmeticException done


Dynamic libraries:
0x00007ff7081d0000 - 0x00007ff708207000 	C:\Program Files\Java\jdk1.8.0_111\bin\java.exe
0x00007ffe569d0000 - 0x00007ffe56bb1000 	C:\Windows\SYSTEM32\ntdll.dll
0x00007ffe55830000 - 0x00007ffe558e1000 	C:\Windows\System32\KERNEL32.DLL
0x00007ffe53720000 - 0x00007ffe53993000 	C:\Windows\System32\KERNELBASE.dll
0x00007ffe55bd0000 - 0x00007ffe55c71000 	C:\Windows\System32\ADVAPI32.dll
0x00007ffe55b30000 - 0x00007ffe55bce000 	C:\Windows\System32\msvcrt.dll
0x00007ffe55ad0000 - 0x00007ffe55b2b000 	C:\Windows\System32\sechost.dll
0x00007ffe56870000 - 0x00007ffe56994000 	C:\Windows\System32\RPCRT4.dll
0x00007ffe54090000 - 0x00007ffe54220000 	C:\Windows\System32\USER32.dll
0x00007ffe53da0000 - 0x00007ffe53dc0000 	C:\Windows\System32\win32u.dll
0x00007ffe566e0000 - 0x00007ffe56708000 	C:\Windows\System32\GDI32.dll
0x00007ffe52da0000 - 0x00007ffe52f32000 	C:\Windows\System32\gdi32full.dll
0x00007ffe53dc0000 - 0x00007ffe53e5f000 	C:\Windows\System32\msvcp_win.dll
0x00007ffe539a0000 - 0x00007ffe53a98000 	C:\Windows\System32\ucrtbase.dll
0x00007ffe46ad0000 - 0x00007ffe46d39000 	C:\Windows\WinSxS\amd64_microsoft.windows.common-controls_6595b64144ccf1df_6.0.17134.706_none_fb43a2cb30647007\COMCTL32.dll
0x00007ffe55c80000 - 0x00007ffe55fa2000 	C:\Windows\System32\combase.dll
0x00007ffe52f40000 - 0x00007ffe52fba000 	C:\Windows\System32\bcryptPrimitives.dll
0x00007ffe54220000 - 0x00007ffe5424d000 	C:\Windows\System32\IMM32.DLL
0x0000000061c10000 - 0x0000000061ce2000 	C:\Program Files\Java\jdk1.8.0_111\jre\bin\msvcr100.dll
0x0000000061cf0000 - 0x000000006258a000 	C:\Program Files\Java\jdk1.8.0_111\jre\bin\server\jvm.dll
0x00007ffe566d0000 - 0x00007ffe566d8000 	C:\Windows\System32\PSAPI.DLL
0x00007ffe48200000 - 0x00007ffe48209000 	C:\Windows\SYSTEM32\WSOCK32.dll
0x00007ffe55fb0000 - 0x00007ffe5601c000 	C:\Windows\System32\WS2_32.dll
0x00007ffe4a4e0000 - 0x00007ffe4a503000 	C:\Windows\SYSTEM32\WINMM.dll
0x00007ffe49e50000 - 0x00007ffe49e5a000 	C:\Windows\SYSTEM32\VERSION.dll
0x00007ffe4a4b0000 - 0x00007ffe4a4da000 	C:\Windows\SYSTEM32\WINMMBASE.dll
0x00007ffe536d0000 - 0x00007ffe53719000 	C:\Windows\System32\cfgmgr32.dll
0x0000000061bc0000 - 0x0000000061bcf000 	C:\Program Files\Java\jdk1.8.0_111\jre\bin\verify.dll
0x0000000061b90000 - 0x0000000061bb9000 	C:\Program Files\Java\jdk1.8.0_111\jre\bin\java.dll
0x0000000061b70000 - 0x0000000061b86000 	C:\Program Files\Java\jdk1.8.0_111\jre\bin\zip.dll

VM Arguments:
jvm_args: -Dfile.encoding=UTF-8 
java_command: fixedmulticatch.FixedMultiCatch
java_class_path (initial): C:\Users\Natalia\Documents\NetBeansProjects\FixedMultiCatch\build\classes
Launcher Type: SUN_STANDARD

Environment Variables:
PATH=C:\ProgramData\Oracle\Java\javapath;C:\Windows\system32;C:\Windows;C:\Windows\System32\Wbem;C:\Windows\System32\WindowsPowerShell\v1.0\;C:\Windows\System32\OpenSSH\;C:\Program Files (x86)\IDEMIA\AWP\Dlls;C:\Program Files\IDEMIA\AWP\Dlls;C:\Program Files\Git\cmd;C:\Program Files\nodejs\;C:\Users\Natalia\AppData\Local\Microsoft\WindowsApps;C:\Users\Natalia\AppData\Roaming\npm
USERNAME=Natalia
OS=Windows_NT
PROCESSOR_IDENTIFIER=Intel64 Family 6 Model 122 Stepping 1, GenuineIntel



---------------  S Y S T E M  ---------------

OS: Windows 10.0 , 64 bit Build 17134 (10.0.17134.706)

CPU:total 2 (2 cores per cpu, 1 threads per core) family 6 model 122 stepping 1, cmov, cx8, fxsr, mmx, sse, sse2, sse3, ssse3, sse4.1, sse4.2, popcnt, aes, clmul, erms, 3dnowpref, tsc, tscinvbit

Memory: 4k page, physical 4013248k(413584k free), swap 7692220k(5944k free)

vm_info: Java HotSpot(TM) 64-Bit Server VM (25.111-b14) for windows-amd64 JRE (1.8.0_111-b14), built on Sep 22 2016 19:24:05 by "java_re" with MS VC++ 10.0 (VS2010)

time: Mon Apr 29 13:02:32 2019
elapsed time: 0 seconds (0d 0h 0m 0s)

